== 04_analysis.R ==

== 00_setup.R ==

[OK] factor() PCA defined

Coulombe functions:
  found      EM_sw.R                        (3033 bytes)
  found      ICp2.R                         (1152 bytes)
  found      zfun_v190304.R                 (1782 bytes)
  found      dualGRRmdA_v190215.R           (4663 bytes)
  found      CVGSBHK_v181127.R              (4711 bytes)
  found      CVKFMV_v190214.R               (7514 bytes)
  found      TVPRR_v181111.R                (15839 bytes)
  found      TVPRRcosso_v181120.R           (7697 bytes)
  found      fastZrot_v181125.R             (8677 bytes)
  found      Xgenerators_v190127.R          (1966 bytes)

Medeiros functions:
  found functions.R 
  found rolling_window.R 

Sourcing Coulombe:
  sourced EM_sw.R
  sourced ICp2.R
  sourced zfun_v190304.R
  sourced dualGRRmdA_v190215.R
  sourced CVGSBHK_v181127.R
  sourced CVKFMV_v190214.R
  sourced TVPRR_v181111.R
  sourced TVPRRcosso_v181120.R
  sourced fastZrot_v181125.R
  sourced Xgenerators_v190127.R

Function check:
  dualGRR              OK
  TVPRR_cosso          OK
  TVPRR                OK
  cvgs.bhk2015         OK
  Zfun                 OK
  EM_sw                OK
  make_reg_matrix      OK
  fastZrot             OK

Sourcing Medeiros:
  sourced functions.R 
  sourced rolling_window.R 
  sourced tvp_functions.R 

== Setup complete ==
Warning messages:
1: package 'randomForest' was built under R version 4.3.3 
2: package 'lmtest' was built under R version 4.3.3 
3: package 'zoo' was built under R version 4.3.3 
4: package 'sandwich' was built under R version 4.3.3 
5: package 'reshape2' was built under R version 4.3.3 
Warning messages:
1: package 'dplyr' was built under R version 4.3.3 
2: package 'tidyr' was built under R version 4.3.3 
3: package 'gridExtra' was built under R version 4.3.3 
Output folder: 40_results/run_final_20260531_1810 

==============================================================================
0. LOADING
==============================================================================
n_oos=180 | OOS: 2010-07 to 2025-06
  Medeiros Ridge      180 x 12
  Medeiros LASSO      180 x 12
  Medeiros ElNET      180 x 12
  Medeiros AdaLASSO   180 x 12
  Medeiros AdaElNET   180 x 12
  Medeiros RF         180 x 12
  Medeiros Bagging    180 x 12
  Medeiros Factor     180 x 12
  Medeiros T.Factor   180 x 12
  Medeiros CSR        180 x 12
  Medeiros AR         180 x 12
  Medeiros AR_BIC     180 x 12
  2SRR-AR      180 x 12
  2SRR-Factor  180 x 12
  2SRR-FAVAR   180 x 12
  betas_2SRR_AR      loaded.
  betas_2SRR_Factor  loaded.
  betas_2SRR_FAVAR   loaded.
  Coulombe sanity check loaded.

Random Walk RMSE per h:
    h1     h2     h3     h4     h5     h6     h7     h8     h9    h10    h11 
0.2517 0.3257 0.3292 0.3207 0.3143 0.3284 0.3210 0.3275 0.3465 0.3265 0.3267 
   h12 
0.3547 

==============================================================================
SECTION 0b: Audit of the realized series (yout)
==============================================================================
  [tbl] 40_results/run_final_20260531_1810/tables/P0b_yout_audit.csv 
  h n_checks max_abs_diff  mean_diff consistent
  1      179     0.000000  0.0000000       TRUE
  3      177     2.192308 -0.4369592      FALSE
  6      174     4.299883 -1.0962530      FALSE
 12      168     8.138420 -2.3850848      FALSE

  [FAIL] yout has inconsistencies — inspect 01_data_prep.R.

  Recursive identity yout[i,h] - yout[i,h-1] = y_{tau+i-1+h}:
    h= 2 -> h-1= 1: max|d|=1.248e+00 [FAIL]
    h= 3 -> h-1= 2: max|d|=1.248e+00 [FAIL]
    h= 4 -> h-1= 3: max|d|=1.248e+00 [FAIL]
    h= 5 -> h-1= 4: max|d|=1.248e+00 [FAIL]
    h= 6 -> h-1= 5: max|d|=1.248e+00 [FAIL]
    h= 7 -> h-1= 6: max|d|=1.248e+00 [FAIL]
    h= 8 -> h-1= 7: max|d|=1.248e+00 [FAIL]
    h= 9 -> h-1= 8: max|d|=1.248e+00 [FAIL]
    h=10 -> h-1= 9: max|d|=1.248e+00 [FAIL]
    h=11 -> h-1=10: max|d|=1.248e+00 [FAIL]
    h=12 -> h-1=11: max|d|=1.248e+00 [FAIL]
  [fig 4h] 40_results/run_final_20260531_1810/figures/P0b_yout_4h_combined.pdf 
Warning messages:
1: Removed 2 rows containing missing values or values outside the scale range
(`geom_line()`). 
2: Removed 5 rows containing missing values or values outside the scale range
(`geom_line()`). 
3: Removed 11 rows containing missing values or values outside the scale range
(`geom_line()`). 
  [fig] 40_results/run_final_20260531_1810/figures/P0b_yout_h01.pdf 
  [fig] 40_results/run_final_20260531_1810/figures/P0b_yout_h03.pdf 
  [fig] 40_results/run_final_20260531_1810/figures/P0b_yout_h06.pdf 
  [fig] 40_results/run_final_20260531_1810/figures/P0b_yout_h12.pdf 
Warning messages:
1: Removed 2 rows containing missing values or values outside the scale range
(`geom_line()`). 
2: Removed 2 rows containing missing values or values outside the scale range
(`geom_line()`). 
3: Removed 5 rows containing missing values or values outside the scale range
(`geom_line()`). 
4: Removed 5 rows containing missing values or values outside the scale range
(`geom_line()`). 
5: Removed 11 rows containing missing values or values outside the scale range
(`geom_line()`). 
6: Removed 11 rows containing missing values or values outside the scale range
(`geom_line()`). 
  [tbl] 40_results/run_final_20260531_1810/tables/P0b_yout_stats.csv 
  h      mean        sd        min      max ratio_mean_vs_h1
  1 0.2177674 0.2622605 -0.7951679 1.248278        1.0000000
  3 0.2183447 0.2636720 -0.7951679 1.248278        1.0026509
  6 0.2177332 0.2657059 -0.7951679 1.248278        0.9998430
 12 0.2115725 0.2679368 -0.7951679 1.248278        0.9715526

  Check: does yout[,h] have mean h-times larger than yout[,1]?
    h= 1 ratio=1.00 (expected 1)
    h= 3 ratio=1.00 (expected ~3)
    h= 6 ratio=1.00 (expected ~6)
    h=12 ratio=0.97 (expected ~12)

==============================================================================
PART 1: RMSFE table relative to Random Walk
==============================================================================
  [tbl] 40_results/run_final_20260531_1810/tables/P1_rmsfe_relative_rw.csv 
             model     h1     h3     h6    h12
                RW 1.0000 1.0000 1.0000 1.0000
             Ridge 1.2715 1.4730 1.6746 1.5453
             LASSO 0.8246 0.7525 0.7607 0.7546
             ElNET 0.8332 0.7623 0.7600 0.7484
          AdaLASSO 0.9041 0.7433 0.7791 0.8495
          AdaElNET 0.9308 0.7953 0.7899 0.8325
                RF 0.8143 0.7677 0.7787 0.7688
           Bagging 0.8390 0.9557 1.0208 0.9240
            Factor 1.0377 1.0143 0.8415 0.8387
          T.Factor 0.9046 0.8601 0.8223 0.8716
               CSR 0.8413 0.7448 0.7942 0.7634
                AR 0.8784 0.7732 0.8014 0.7845
            AR_BIC 0.8784 0.7732 0.8014 0.7845
           2SRR_AR 0.8827 0.7747 0.7781 0.8155
       2SRR_Factor 0.8979 0.8495 0.7869 0.8142
        2SRR_FAVAR 0.8727 0.8361 0.7907 0.8147
     RidgeStep1_AR 0.9093 0.7954 0.8007 0.7975
 RidgeStep1_Factor 0.8764 0.8571 0.8061 0.8589
  RidgeStep1_FAVAR 0.8855 0.8468 0.7999 0.8634
  [tbl] 40_results/run_final_20260531_1810/tables/P1_rmsfe_relative_rw_all_h.csv 
             model     h1 h2     h3 h4 h5     h6 h7 h8 h9 h10 h11    h12
                RW 1.0000  1 1.0000  1  1 1.0000  1  1  1   1   1 1.0000
             Ridge 1.2715 NA 1.4730 NA NA 1.6746 NA NA NA  NA  NA 1.5453
             LASSO 0.8246 NA 0.7525 NA NA 0.7607 NA NA NA  NA  NA 0.7546
             ElNET 0.8332 NA 0.7623 NA NA 0.7600 NA NA NA  NA  NA 0.7484
          AdaLASSO 0.9041 NA 0.7433 NA NA 0.7791 NA NA NA  NA  NA 0.8495
          AdaElNET 0.9308 NA 0.7953 NA NA 0.7899 NA NA NA  NA  NA 0.8325
                RF 0.8143 NA 0.7677 NA NA 0.7787 NA NA NA  NA  NA 0.7688
           Bagging 0.8390 NA 0.9557 NA NA 1.0208 NA NA NA  NA  NA 0.9240
            Factor 1.0377 NA 1.0143 NA NA 0.8415 NA NA NA  NA  NA 0.8387
          T.Factor 0.9046 NA 0.8601 NA NA 0.8223 NA NA NA  NA  NA 0.8716
               CSR 0.8413 NA 0.7448 NA NA 0.7942 NA NA NA  NA  NA 0.7634
                AR 0.8784 NA 0.7732 NA NA 0.8014 NA NA NA  NA  NA 0.7845
            AR_BIC 0.8784 NA 0.7732 NA NA 0.8014 NA NA NA  NA  NA 0.7845
           2SRR_AR 0.8827 NA 0.7747 NA NA 0.7781 NA NA NA  NA  NA 0.8155
       2SRR_Factor 0.8979 NA 0.8495 NA NA 0.7869 NA NA NA  NA  NA 0.8142
        2SRR_FAVAR 0.8727 NA 0.8361 NA NA 0.7907 NA NA NA  NA  NA 0.8147
     RidgeStep1_AR 0.9093 NA 0.7954 NA NA 0.8007 NA NA NA  NA  NA 0.7975
 RidgeStep1_Factor 0.8764 NA 0.8571 NA NA 0.8061 NA NA NA  NA  NA 0.8589
  RidgeStep1_FAVAR 0.8855 NA 0.8468 NA NA 0.7999 NA NA NA  NA  NA 0.8634

==============================================================================
PART 2: TVP-AR vs TVP-Factor vs TVP-FAVAR comparison
==============================================================================
  [tbl] 40_results/run_final_20260531_1810/tables/P2_tvp_3cases_rmse.csv 
   case  h      rmse   rmse_rw     ratio
     AR  1 0.2221756 0.2517055 0.8826806
     AR  3 0.2550279 0.3291772 0.7747435
     AR  6 0.2554807 0.3283574 0.7780567
     AR 12 0.2892706 0.3547084 0.8155168
 Factor  1 0.2260030 0.2517055 0.8978865
 Factor  3 0.2796303 0.3291772 0.8494827
 Factor  6 0.2583722 0.3283574 0.7868628
 Factor 12 0.2888110 0.3547084 0.8142211
  FAVAR  1 0.2196664 0.2517055 0.8727121
  FAVAR  3 0.2752308 0.3291772 0.8361175
  FAVAR  6 0.2596314 0.3283574 0.7906976
  FAVAR 12 0.2889820 0.3547084 0.8147031
  [fig] 40_results/run_final_20260531_1810/figures/P2_tvp_3cases_ratio_rw.pdf 

==============================================================================
PART 3: TVP beta trajectories per horizon
==============================================================================

--- TVP case: AR ---
  h= 1 | K=3 | top 5 by sd:
       var       mean         sd        cv         min       max sign_changes
     Yh_L1 0.54184577 0.08781475 0.1620659  0.37208843 0.8917259            0
     Yh_L2 0.01187409 0.08046446 6.7764737 -0.29972331 0.3494115            3
 intercept 0.10852999 0.01787560 0.1647066  0.01368858 0.1507670            0
  [tbl] 40_results/run_final_20260531_1810/tables/P3_betas_stats_AR_h01.csv 
       var       mean         sd        cv         min       max sign_changes
     Yh_L1 0.54184577 0.08781475 0.1620659  0.37208843 0.8917259            0
     Yh_L2 0.01187409 0.08046446 6.7764737 -0.29972331 0.3494115            3
 intercept 0.10852999 0.01787560 0.1647066  0.01368858 0.1507670            0
  [fig] 40_results/run_final_20260531_1810/figures/P3_betas_trajectory_AR_h01.pdf 
  h= 3 | K=3 | top 5 by sd:
       var      mean         sd        cv         min       max sign_changes
     Yh_L3 0.1521788 0.07591754 0.4988707 -0.08522774 0.5067349            2
     Yh_L4 0.1947067 0.06628276 0.3404237 -0.16271582 0.4927688            6
 intercept 0.1690179 0.03706973 0.2193243  0.07339469 0.3470623            0
  [tbl] 40_results/run_final_20260531_1810/tables/P3_betas_stats_AR_h03.csv 
       var      mean         sd        cv         min       max sign_changes
     Yh_L3 0.1521788 0.07591754 0.4988707 -0.08522774 0.5067349            2
     Yh_L4 0.1947067 0.06628276 0.3404237 -0.16271582 0.4927688            6
 intercept 0.1690179 0.03706973 0.2193243  0.07339469 0.3470623            0
  [fig] 40_results/run_final_20260531_1810/figures/P3_betas_trajectory_AR_h03.pdf 
  h= 6 | K=3 | top 5 by sd:
       var      mean         sd        cv         min       max sign_changes
     Yh_L6 0.1688162 0.10516181 0.6229365 -0.32853779 0.7172187            4
     Yh_L7 0.1561594 0.08447328 0.5409427 -0.21470872 0.5937784           10
 intercept 0.1714498 0.04103815 0.2393596  0.06939252 0.3531365            0
  [tbl] 40_results/run_final_20260531_1810/tables/P3_betas_stats_AR_h06.csv 
       var      mean         sd        cv         min       max sign_changes
     Yh_L6 0.1688162 0.10516181 0.6229365 -0.32853779 0.7172187            4
     Yh_L7 0.1561594 0.08447328 0.5409427 -0.21470872 0.5937784           10
 intercept 0.1714498 0.04103815 0.2393596  0.06939252 0.3531365            0
  [fig] 40_results/run_final_20260531_1810/figures/P3_betas_trajectory_AR_h06.pdf 
  h=12 | K=3 | top 5 by sd:
       var       mean         sd        cv         min       max sign_changes
    Yh_L12 0.06203004 0.13970976 2.2522919 -0.22408407 0.6187343           25
    Yh_L13 0.06675136 0.13698821 2.0522160 -0.33631291 0.7384419           15
 intercept 0.22202220 0.08107882 0.3651834 -0.08470144 0.4716399            4
  [tbl] 40_results/run_final_20260531_1810/tables/P3_betas_stats_AR_h12.csv 
       var       mean         sd        cv         min       max sign_changes
    Yh_L12 0.06203004 0.13970976 2.2522919 -0.22408407 0.6187343           25
    Yh_L13 0.06675136 0.13698821 2.0522160 -0.33631291 0.7384419           15
 intercept 0.22202220 0.08107882 0.3651834 -0.08470144 0.4716399            4
  [fig] 40_results/run_final_20260531_1810/figures/P3_betas_trajectory_AR_h12.pdf 

--- TVP case: Factor ---
  h= 1 | K=3 | top 5 by sd:
       var         mean         sd         cv         min        max
     F2_L1  0.039678660 0.03060436 0.77130527 -0.05798339 0.06188248
 intercept  0.297911684 0.01906216 0.06398595  0.26823198 0.32979312
     F1_L1 -0.001316463 0.01164416 8.84503441 -0.02008561 0.01276386
 sign_changes
            5
            0
            6
  [tbl] 40_results/run_final_20260531_1810/tables/P3_betas_stats_Factor_h01.csv 
       var         mean         sd         cv         min        max
     F2_L1  0.039678660 0.03060436 0.77130527 -0.05798339 0.06188248
 intercept  0.297911684 0.01906216 0.06398595  0.26823198 0.32979312
     F1_L1 -0.001316463 0.01164416 8.84503441 -0.02008561 0.01276386
 sign_changes
            5
            0
            6
  [fig] 40_results/run_final_20260531_1810/figures/P3_betas_trajectory_Factor_h01.pdf 
  h= 3 | K=3 | top 5 by sd:
       var        mean         sd         cv         min        max
 intercept 0.297405191 0.02007733 0.06750833  0.20403586 0.34643307
     F2_L3 0.023436929 0.01961087 0.83675065 -0.03568566 0.04206294
     F1_L3 0.004289132 0.01127175 2.62797926 -0.01584099 0.01652542
 sign_changes
            0
            5
            6
  [tbl] 40_results/run_final_20260531_1810/tables/P3_betas_stats_Factor_h03.csv 
       var        mean         sd         cv         min        max
 intercept 0.297405191 0.02007733 0.06750833  0.20403586 0.34643307
     F2_L3 0.023436929 0.01961087 0.83675065 -0.03568566 0.04206294
     F1_L3 0.004289132 0.01127175 2.62797926 -0.01584099 0.01652542
 sign_changes
            0
            5
            6
  [fig] 40_results/run_final_20260531_1810/figures/P3_betas_trajectory_Factor_h03.pdf 
  h= 6 | K=3 | top 5 by sd:
       var        mean         sd         cv         min        max
     F2_L6 0.023535342 0.02005766 0.85223565 -0.05497891 0.05699244
 intercept 0.294133199 0.01993377 0.06777122  0.24250477 0.36291612
     F1_L6 0.002311266 0.01005521 4.35052051 -0.02731183 0.03561586
 sign_changes
            5
            0
           12
  [tbl] 40_results/run_final_20260531_1810/tables/P3_betas_stats_Factor_h06.csv 
       var        mean         sd         cv         min        max
     F2_L6 0.023535342 0.02005766 0.85223565 -0.05497891 0.05699244
 intercept 0.294133199 0.01993377 0.06777122  0.24250477 0.36291612
     F1_L6 0.002311266 0.01005521 4.35052051 -0.02731183 0.03561586
 sign_changes
            5
            0
           12
  [fig] 40_results/run_final_20260531_1810/figures/P3_betas_trajectory_Factor_h06.pdf 
  h=12 | K=3 | top 5 by sd:
       var        mean         sd         cv         min        max
 intercept 0.284901198 0.02726454 0.09569822  0.14740779 0.40933967
    F1_L12 0.003086561 0.01291243 4.18343616 -0.04815310 0.03031408
    F2_L12 0.016845512 0.01135673 0.67416952 -0.01835361 0.04737974
 sign_changes
            0
            8
            7
  [tbl] 40_results/run_final_20260531_1810/tables/P3_betas_stats_Factor_h12.csv 
       var        mean         sd         cv         min        max
 intercept 0.284901198 0.02726454 0.09569822  0.14740779 0.40933967
    F1_L12 0.003086561 0.01291243 4.18343616 -0.04815310 0.03031408
    F2_L12 0.016845512 0.01135673 0.67416952 -0.01835361 0.04737974
 sign_changes
            0
            8
            7
  [fig] 40_results/run_final_20260531_1810/figures/P3_betas_trajectory_Factor_h12.pdf 

--- TVP case: FAVAR ---
  h= 1 | K=5 | top 5 by sd:
       var          mean         sd          cv         min          max
     Yh_L1  2.801228e-02 0.04938782   1.7630774 -0.24190621  0.136544238
     Yh_L2 -8.312191e-02 0.04813421   0.5790797 -0.27571429 -0.001621468
 intercept  3.134481e-01 0.03561371   0.1136192  0.27226975  0.406204466
     F2_L1  4.055825e-02 0.03103350   0.7651588 -0.06009448  0.074592218
     F1_L1  3.120324e-05 0.01267134 406.0904358 -0.01733067  0.015353563
 sign_changes
           11
            0
            0
            5
            6
  [tbl] 40_results/run_final_20260531_1810/tables/P3_betas_stats_FAVAR_h01.csv 
       var          mean         sd          cv         min          max
     Yh_L1  2.801228e-02 0.04938782   1.7630774 -0.24190621  0.136544238
     Yh_L2 -8.312191e-02 0.04813421   0.5790797 -0.27571429 -0.001621468
 intercept  3.134481e-01 0.03561371   0.1136192  0.27226975  0.406204466
     F2_L1  4.055825e-02 0.03103350   0.7651588 -0.06009448  0.074592218
     F1_L1  3.120324e-05 0.01267134 406.0904358 -0.01733067  0.015353563
 sign_changes
           11
            0
            0
            5
            6
  [fig] 40_results/run_final_20260531_1810/figures/P3_betas_trajectory_FAVAR_h01.pdf 
  h= 3 | K=5 | top 5 by sd:
       var         mean         sd        cv          min        max
     Yh_L3 -0.178865806 0.12321545 0.6888709 -0.304388589 0.76546480
     Yh_L4  0.140642838 0.04896780 0.3481713  0.002758176 0.27931592
 intercept  0.290337355 0.03694333 0.1272428  0.064981427 0.36663811
     F2_L3  0.028104869 0.01841044 0.6550623 -0.038770010 0.06135127
     F1_L3  0.003399494 0.01202285 3.5366578 -0.017571396 0.03068876
 sign_changes
            8
            0
            0
            9
           12
  [tbl] 40_results/run_final_20260531_1810/tables/P3_betas_stats_FAVAR_h03.csv 
       var         mean         sd        cv          min        max
     Yh_L3 -0.178865806 0.12321545 0.6888709 -0.304388589 0.76546480
     Yh_L4  0.140642838 0.04896780 0.3481713  0.002758176 0.27931592
 intercept  0.290337355 0.03694333 0.1272428  0.064981427 0.36663811
     F2_L3  0.028104869 0.01841044 0.6550623 -0.038770010 0.06135127
     F1_L3  0.003399494 0.01202285 3.5366578 -0.017571396 0.03068876
 sign_changes
            8
            0
            0
            9
           12
  [fig] 40_results/run_final_20260531_1810/figures/P3_betas_trajectory_FAVAR_h03.pdf 
  h= 6 | K=5 | top 5 by sd:
       var         mean          sd        cv          min        max
     Yh_L6 -0.072235699 0.114029497 1.5785754 -0.474647252 0.45536609
     Yh_L7  0.114090279 0.063488313 0.5564743 -0.209704300 0.35779267
 intercept  0.255076784 0.040533595 0.1589074  0.094342223 0.38511727
     F2_L6  0.018807582 0.013338137 0.7091894 -0.019577464 0.04312689
     F1_L6  0.001705993 0.009546641 5.5959425 -0.008941442 0.04791540
 sign_changes
            6
            6
            0
            9
            8
  [tbl] 40_results/run_final_20260531_1810/tables/P3_betas_stats_FAVAR_h06.csv 
       var         mean          sd        cv          min        max
     Yh_L6 -0.072235699 0.114029497 1.5785754 -0.474647252 0.45536609
     Yh_L7  0.114090279 0.063488313 0.5564743 -0.209704300 0.35779267
 intercept  0.255076784 0.040533595 0.1589074  0.094342223 0.38511727
     F2_L6  0.018807582 0.013338137 0.7091894 -0.019577464 0.04312689
     F1_L6  0.001705993 0.009546641 5.5959425 -0.008941442 0.04791540
 sign_changes
            6
            6
            0
            9
            8
  [fig] 40_results/run_final_20260531_1810/figures/P3_betas_trajectory_FAVAR_h06.pdf 
  h=12 | K=5 | top 5 by sd:
       var         mean         sd        cv         min        max
    Yh_L12 -0.275534381 0.12352322 0.4483042 -0.51140236 0.15361627
    Yh_L13  0.018932596 0.09381082 4.9549895 -0.15074318 0.40388594
 intercept  0.340797489 0.05512273 0.1617463  0.14640340 0.44889493
    F2_L12  0.026371038 0.01668341 0.6326413 -0.02558912 0.04845637
    F1_L12  0.004592486 0.01634532 3.5591445 -0.03076635 0.04211445
 sign_changes
            8
           20
            0
            7
            6
  [tbl] 40_results/run_final_20260531_1810/tables/P3_betas_stats_FAVAR_h12.csv 
       var         mean         sd        cv         min        max
    Yh_L12 -0.275534381 0.12352322 0.4483042 -0.51140236 0.15361627
    Yh_L13  0.018932596 0.09381082 4.9549895 -0.15074318 0.40388594
 intercept  0.340797489 0.05512273 0.1617463  0.14640340 0.44889493
    F2_L12  0.026371038 0.01668341 0.6326413 -0.02558912 0.04845637
    F1_L12  0.004592486 0.01634532 3.5591445 -0.03076635 0.04211445
 sign_changes
            8
           20
            0
            7
            6
  [fig] 40_results/run_final_20260531_1810/figures/P3_betas_trajectory_FAVAR_h12.pdf 
  [fig] 40_results/run_final_20260531_1810/figures/P3_betas_panel_FAVAR_4h.pdf 

==============================================================================
PART 4: Comparison of betas across the 3 TVP cases
==============================================================================
  [tbl] 40_results/run_final_20260531_1810/tables/P4_betas_cross_AR_FAVAR.csv 
  h       var cor_AR_FAVAR    mean_AR  mean_FAVAR
  1 intercept    0.1929348 0.10852999  0.31344808
  1     Yh_L1    0.5460621 0.54184577  0.02801228
  1     Yh_L2    0.3120587 0.01187409 -0.08312191
  3 intercept    0.4880938 0.16901789  0.29033735
  3     Yh_L3    0.7179352 0.15217880 -0.17886581
  3     Yh_L4    0.5932050 0.19470666  0.14064284
  6 intercept    0.5294569 0.17144979  0.25507678
  6     Yh_L6    0.6009036 0.16881625 -0.07223570
  6     Yh_L7    0.5833386 0.15615939  0.11409028
 12 intercept    0.5890761 0.22202220  0.34079749
 12    Yh_L12    0.4110256 0.06203004 -0.27553438
 12    Yh_L13    0.6986950 0.06675136  0.01893260

==============================================================================
PART 5: Lambda trajectories (Step 1 vs Step 4)
==============================================================================
  [fig] 40_results/run_final_20260531_1810/figures/P5_lambdas_AR_h01.pdf 
  [fig] 40_results/run_final_20260531_1810/figures/P5_lambdas_AR_h03.pdf 
  [fig] 40_results/run_final_20260531_1810/figures/P5_lambdas_AR_h06.pdf 
  [fig] 40_results/run_final_20260531_1810/figures/P5_lambdas_AR_h12.pdf 
  [fig] 40_results/run_final_20260531_1810/figures/P5_lambdas_Factor_h01.pdf 
  [fig] 40_results/run_final_20260531_1810/figures/P5_lambdas_Factor_h03.pdf 
  [fig] 40_results/run_final_20260531_1810/figures/P5_lambdas_Factor_h06.pdf 
  [fig] 40_results/run_final_20260531_1810/figures/P5_lambdas_Factor_h12.pdf 
  [fig] 40_results/run_final_20260531_1810/figures/P5_lambdas_FAVAR_h01.pdf 
  [fig] 40_results/run_final_20260531_1810/figures/P5_lambdas_FAVAR_h03.pdf 
  [fig] 40_results/run_final_20260531_1810/figures/P5_lambdas_FAVAR_h06.pdf 
  [fig] 40_results/run_final_20260531_1810/figures/P5_lambdas_FAVAR_h12.pdf 
  [tbl] 40_results/run_final_20260531_1810/tables/P5_lambdas_stats.csv 
   case  h cor_l1_l4   mean_l1   mean_l4   mean_ratio
     AR  1 0.8390438 112998.63 104824.00 1.398921e+02
     AR  3 0.8694619  90135.61 100957.35 1.308817e+02
     AR  6 0.9439824  89406.84  93858.32 1.386328e+04
     AR 12 0.8532269  78476.31  77383.64 7.733325e+03
 Factor  1 0.7302530  17731.32  22413.15 1.381716e+00
 Factor  3 0.9110929 125339.30 118820.47 8.575188e-01
 Factor  6 0.6890980 108243.24 118252.84 1.037447e+03
 Factor 12 0.5719266 114565.90 143528.96 4.443976e+01
  FAVAR  1 0.6635286  90267.44  77556.54 2.640133e+00
  FAVAR  3 0.7506738 108531.22 110565.53 2.230812e+02
  FAVAR  6 0.9612796 108473.10 107135.98 4.596943e+01
  FAVAR 12 0.7783040  78295.71  85486.06 1.550827e+02
  [tbl] 40_results/run_final_20260531_1810/tables/P5b_lambda_saturation.csv 
   case  h         step   n pct_at_top pct_at_bot lambda_median
     AR  1 lambda_step1 180       68.9        0.0    162754.791
     AR  1       lambda 180       63.9        0.0    162754.791
     AR  3 lambda_step1 180       55.0        6.1    162754.791
     AR  3       lambda 180       61.7        5.0    162754.791
     AR  6 lambda_step1 180       54.4        1.7    162754.791
     AR  6       lambda 180       57.2        0.6    162754.791
     AR 12 lambda_step1 180       47.8        2.8      2980.958
     AR 12       lambda 180       47.2        2.2      2980.958
 Factor  1 lambda_step1 180        0.0        0.0     22026.466
 Factor  1       lambda 180        1.7        0.0      8103.084
 Factor  3 lambda_step1 180       76.1        1.7    162754.791
 Factor  3       lambda 180       72.8        1.7    162754.791
 Factor  6 lambda_step1 180       66.1        0.6    162754.791
 Factor  6       lambda 180       70.0        1.1    162754.791
 Factor 12 lambda_step1 180       68.9        1.7    162754.791
 Factor 12       lambda 180       87.8        1.7    162754.791
  FAVAR  1 lambda_step1 180       50.0        0.0    111314.467
  FAVAR  1       lambda 180       41.1        0.0     59874.142
  FAVAR  3 lambda_step1 180       65.6        1.7    162754.791
  FAVAR  3       lambda 180       67.2        1.1    162754.791
  FAVAR  6 lambda_step1 180       65.6        0.0    162754.791
  FAVAR  6       lambda 180       65.0        0.0    162754.791
  FAVAR 12 lambda_step1 180       47.2        0.0      8103.084
  FAVAR 12       lambda 180       51.7        0.0    162754.791

==============================================================================
PART 6: 2SRR vs Ridge (Step 1) and Medeiros Ridge
==============================================================================
  [tbl] 40_results/run_final_20260531_1810/tables/P6_2srr_vs_ridge.csv 
   case  h RMSE_2SRR RMSE_RidgeStep1 RMSE_RidgeMed ratio_vs_Step1
     AR  1    0.2222          0.2289        0.3201         0.9707
     AR  3    0.2550          0.2618        0.4849         0.9740
     AR  6    0.2555          0.2629        0.5499         0.9717
     AR 12    0.2893          0.2829        0.5481         1.0226
 Factor  1    0.2260          0.2206        0.3201         1.0245
 Factor  3    0.2796          0.2821        0.4849         0.9911
 Factor  6    0.2584          0.2647        0.5499         0.9761
 Factor 12    0.2888          0.3046        0.5481         0.9480
  FAVAR  1    0.2197          0.2229        0.3201         0.9856
  FAVAR  3    0.2752          0.2788        0.4849         0.9874
  FAVAR  6    0.2596          0.2627        0.5499         0.9885
  FAVAR 12    0.2890          0.3062        0.5481         0.9437
 DM_stat_vs_Step1 DM_p_vs_Step1 DM_p_vs_MedRidge
           -0.135        0.4463           0.0793
           -0.985        0.1630           0.1517
           -1.315        0.0950           0.1480
            0.726        0.7655           0.1587
            1.205        0.8851           0.0761
           -0.556        0.2895           0.1532
           -0.663        0.2542           0.1481
           -1.008        0.1576           0.1575
           -0.300        0.3822           0.0766
           -0.932        0.1762           0.1528
           -0.387        0.3496           0.1483
           -0.984        0.1631           0.1574
  [fig] 40_results/run_final_20260531_1810/figures/P6_cssed_AR_h01.pdf 
  [fig] 40_results/run_final_20260531_1810/figures/P6_cssed_AR_h03.pdf 
  [fig] 40_results/run_final_20260531_1810/figures/P6_cssed_AR_h06.pdf 
  [fig] 40_results/run_final_20260531_1810/figures/P6_cssed_AR_h12.pdf 
  [fig] 40_results/run_final_20260531_1810/figures/P6_cssed_Factor_h01.pdf 
  [fig] 40_results/run_final_20260531_1810/figures/P6_cssed_Factor_h03.pdf 
  [fig] 40_results/run_final_20260531_1810/figures/P6_cssed_Factor_h06.pdf 
  [fig] 40_results/run_final_20260531_1810/figures/P6_cssed_Factor_h12.pdf 
  [fig] 40_results/run_final_20260531_1810/figures/P6_cssed_FAVAR_h01.pdf 
  [fig] 40_results/run_final_20260531_1810/figures/P6_cssed_FAVAR_h03.pdf 
  [fig] 40_results/run_final_20260531_1810/figures/P6_cssed_FAVAR_h06.pdf 
  [fig] 40_results/run_final_20260531_1810/figures/P6_cssed_FAVAR_h12.pdf 
  [fig] 40_results/run_final_20260531_1810/figures/P6_rolling_rmse_AR_h01.pdf 
  [fig] 40_results/run_final_20260531_1810/figures/P6_rolling_rmse_AR_h03.pdf 
  [fig] 40_results/run_final_20260531_1810/figures/P6_rolling_rmse_AR_h06.pdf 
  [fig] 40_results/run_final_20260531_1810/figures/P6_rolling_rmse_AR_h12.pdf 
  [fig] 40_results/run_final_20260531_1810/figures/P6_rolling_rmse_Factor_h01.pdf 
  [fig] 40_results/run_final_20260531_1810/figures/P6_rolling_rmse_Factor_h03.pdf 
  [fig] 40_results/run_final_20260531_1810/figures/P6_rolling_rmse_Factor_h06.pdf 
  [fig] 40_results/run_final_20260531_1810/figures/P6_rolling_rmse_Factor_h12.pdf 
  [fig] 40_results/run_final_20260531_1810/figures/P6_rolling_rmse_FAVAR_h01.pdf 
  [fig] 40_results/run_final_20260531_1810/figures/P6_rolling_rmse_FAVAR_h03.pdf 
  [fig] 40_results/run_final_20260531_1810/figures/P6_rolling_rmse_FAVAR_h06.pdf 
  [fig] 40_results/run_final_20260531_1810/figures/P6_rolling_rmse_FAVAR_h12.pdf 
There were 24 warnings (use warnings() to see them)

==============================================================================
PART 7: 2SRR vs Medeiros (selected)
==============================================================================
  [fig] 40_results/run_final_20260531_1810/figures/P7_2srr_vs_med_h01.pdf 
  [fig] 40_results/run_final_20260531_1810/figures/P7_2srr_vs_med_h03.pdf 
  [fig] 40_results/run_final_20260531_1810/figures/P7_2srr_vs_med_h06.pdf 
  [fig] 40_results/run_final_20260531_1810/figures/P7_2srr_vs_med_h12.pdf 
  [fig 4h] 40_results/run_final_20260531_1810/figures/P7_2srr_vs_med_4h.pdf 
  [tbl] 40_results/run_final_20260531_1810/tables/P7_2srr_vs_med_selection.csv 
  h    model   RMSE ratio_RW  flag
  1       RF 0.2050   0.8143  best
  1    LASSO 0.2076   0.8246  best
  1    Ridge 0.3201   1.2715 worst
  3 AdaLASSO 0.2447   0.7433  best
  3      CSR 0.2452   0.7448  best
  3    Ridge 0.4849   1.4730 worst
  6    ElNET 0.2496   0.7600  best
  6    LASSO 0.2498   0.7607  best
  6    Ridge 0.5499   1.6746 worst
 12    ElNET 0.2655   0.7484  best
 12    LASSO 0.2677   0.7546  best
 12    Ridge 0.5481   1.5453 worst

==============================================================================
PART 8: Formal parsimony
==============================================================================
  [tbl] 40_results/run_final_20260531_1810/tables/P8_parsimony.csv 
   case  h HHI_mean HHI_sd near_zero_mean sigma2_u_mean
     AR  1   0.8938 0.0597         0.0648             1
     AR  3   0.4062 0.0815         0.0019             1
     AR  6   0.4077 0.1167         0.0037             1
     AR 12   0.8217 0.1674         0.1037             1
 Factor  1   0.9438 0.0075         0.2704             1
 Factor  3   0.9760 0.0090         0.2407             1
 Factor  6   0.9761 0.0088         0.3481             1
 Factor 12   0.9851 0.0127         0.3000             1
  FAVAR  1   0.7942 0.1080         0.2367             1
  FAVAR  3   0.4572 0.0858         0.1511             1
  FAVAR  6   0.6025 0.1052         0.2300             1
  FAVAR 12   0.5321 0.0791         0.2311             1

==============================================================================
PART 9: Sub-periods
==============================================================================
  [tbl] 40_results/run_final_20260531_1810/tables/P9_subperiods.csv 
   case  h             period n_obs RMSE_2SRR RMSE_RW ratio_vs_RW
     AR  1 Post-GFC/Pre-COVID   116    0.1874  0.2151      0.8711
     AR  1              COVID    16    0.2855  0.2980      0.9581
     AR  1     High Inflation    24    0.3624  0.4164      0.8703
     AR  1     Post-Inflation    24    0.1218  0.1376      0.8850
     AR  3 Post-GFC/Pre-COVID   116    0.2421  0.3077      0.7867
     AR  3              COVID    16    0.3121  0.4750      0.6571
     AR  3     High Inflation    24    0.3285  0.3874      0.8481
     AR  3     Post-Inflation    24    0.1693  0.2229      0.7596
     AR  6 Post-GFC/Pre-COVID   116    0.2439  0.2975      0.8200
     AR  6              COVID    16    0.3166  0.3964      0.7987
     AR  6     High Inflation    24    0.3268  0.4785      0.6831
     AR  6     Post-Inflation    24    0.1364  0.1770      0.7709
     AR 12 Post-GFC/Pre-COVID   116    0.2644  0.2962      0.8928
     AR 12              COVID    16    0.5003  0.5977      0.8370
     AR 12     High Inflation    24    0.2684  0.4469      0.6006
     AR 12     Post-Inflation    24    0.1511  0.2110      0.7161
 Factor  1 Post-GFC/Pre-COVID   116    0.1788  0.2151      0.8310
 Factor  1              COVID    16    0.3806  0.2980      1.2772
 Factor  1     High Inflation    24    0.3370  0.4164      0.8095
 Factor  1     Post-Inflation    24    0.1359  0.1376      0.9877
 Factor  3 Post-GFC/Pre-COVID   116    0.2459  0.3077      0.7992
 Factor  3              COVID    16    0.4504  0.4750      0.9481
 Factor  3     High Inflation    24    0.3554  0.3874      0.9175
 Factor  3     Post-Inflation    24    0.1688  0.2229      0.7575
 Factor  6 Post-GFC/Pre-COVID   116    0.2395  0.2975      0.8052
 Factor  6              COVID    16    0.3364  0.3964      0.8488
 Factor  6     High Inflation    24    0.3445  0.4785      0.7200
 Factor  6     Post-Inflation    24    0.1391  0.1770      0.7863
 Factor 12 Post-GFC/Pre-COVID   116    0.2440  0.2962      0.8237
 Factor 12              COVID    16    0.5742  0.5977      0.9607
 Factor 12     High Inflation    24    0.2587  0.4469      0.5790
 Factor 12     Post-Inflation    24    0.1545  0.2110      0.7321
  FAVAR  1 Post-GFC/Pre-COVID   116    0.1764  0.2151      0.8200
  FAVAR  1              COVID    16    0.3370  0.2980      1.1310
  FAVAR  1     High Inflation    24    0.3423  0.4164      0.8222
  FAVAR  1     Post-Inflation    24    0.1364  0.1376      0.9912
  FAVAR  3 Post-GFC/Pre-COVID   116    0.2443  0.3077      0.7939
  FAVAR  3              COVID    16    0.4441  0.4750      0.9350
  FAVAR  3     High Inflation    24    0.3338  0.3874      0.8617
  FAVAR  3     Post-Inflation    24    0.1823  0.2229      0.8178
  FAVAR  6 Post-GFC/Pre-COVID   116    0.2428  0.2975      0.8160
  FAVAR  6              COVID    16    0.3483  0.3964      0.8787
  FAVAR  6     High Inflation    24    0.3333  0.4785      0.6966
  FAVAR  6     Post-Inflation    24    0.1366  0.1770      0.7718
  FAVAR 12 Post-GFC/Pre-COVID   116    0.2427  0.2962      0.8195
  FAVAR 12              COVID    16    0.5782  0.5977      0.9675
  FAVAR 12     High Inflation    24    0.2583  0.4469      0.5780
  FAVAR 12     Post-Inflation    24    0.1591  0.2110      0.7539
  [fig] 40_results/run_final_20260531_1810/figures/P9_heatmap_subperiods_FAVAR.pdf 

==============================================================================
PART 10: Interactive plotly
==============================================================================

Attaching package: 'plotly'

The following object is masked from 'package:ggplot2':

    last_plot

The following object is masked from 'package:stats':

    filter

The following object is masked from 'package:graphics':

    layout

  [skip plotly] Saving a widget with selfcontained = TRUE requires pandoc. See here to learn more https://bookdown.org/yihui/rmarkdown-cookbook/install-pandoc.html 
  [skip plotly] Saving a widget with selfcontained = TRUE requires pandoc. See here to learn more https://bookdown.org/yihui/rmarkdown-cookbook/install-pandoc.html 
  [skip plotly] Saving a widget with selfcontained = TRUE requires pandoc. See here to learn more https://bookdown.org/yihui/rmarkdown-cookbook/install-pandoc.html 
  [skip plotly] Saving a widget with selfcontained = TRUE requires pandoc. See here to learn more https://bookdown.org/yihui/rmarkdown-cookbook/install-pandoc.html 
Warning message:
package 'htmlwidgets' was built under R version 4.3.3 

==============================================================================
PART 11: Sanity check original Coulombe vs standalone
==============================================================================
  [tbl] 40_results/run_final_20260531_1810/tables/P11_sanity_coulombe.csv 
 window  h fc_orig fc_fast fc_ridge rel_diff_pct orig_min
     40  1  0.0907  0.0783   0.0989        15.92      0.9
     40 12  0.2257  0.2049   0.2036        10.17      0.8
     90  1  0.2525  0.2401   0.2502         5.21      1.0
     90 12  0.1868  0.2258   0.2609        17.24      0.5
    140  1  0.5425  0.5474   0.5723         0.90      0.6
    140 12  0.3806  0.2934   0.4259        29.72      0.6

  Mean relative divergence: 13.19% | max: 29.72%

==============================================================================
PART 11b: 2SRR-FAVAR vs other TVPs (AR, Factor)
==============================================================================
  [fig] 40_results/run_final_20260531_1810/figures/P11b_2srr_vs_tvps_h01.pdf 
  [fig] 40_results/run_final_20260531_1810/figures/P11b_2srr_vs_tvps_h03.pdf 
  [fig] 40_results/run_final_20260531_1810/figures/P11b_2srr_vs_tvps_h06.pdf 
  [fig] 40_results/run_final_20260531_1810/figures/P11b_2srr_vs_tvps_h12.pdf 
  [fig 4h] 40_results/run_final_20260531_1810/figures/P11b_2srr_vs_tvps_4h.pdf 
  [tbl] 40_results/run_final_20260531_1810/tables/P11b_tvps_rmse_wide.csv 
   case     h1     h3     h6    h12
  FAVAR 0.8727 0.8361 0.7907 0.8147
     AR 0.8827 0.7747 0.7781 0.8155
 Factor 0.8979 0.8495 0.7869 0.8142

==============================================================================
PART 11c: 2SRR-FAVAR vs classical Ridge (Medeiros)
==============================================================================
  [fig] 40_results/run_final_20260531_1810/figures/P11c_2srr_vs_ridgemed_h01.pdf 
  [fig] 40_results/run_final_20260531_1810/figures/P11c_2srr_vs_ridgemed_h03.pdf 
  [fig] 40_results/run_final_20260531_1810/figures/P11c_2srr_vs_ridgemed_h06.pdf 
  [fig] 40_results/run_final_20260531_1810/figures/P11c_2srr_vs_ridgemed_h12.pdf 
  [fig 4h] 40_results/run_final_20260531_1810/figures/P11c_2srr_vs_ridgemed_4h.pdf 

==============================================================================
PART 11d: TVP-FAVAR betas vs constant Ridge (Medeiros)
==============================================================================
  [fig] 40_results/run_final_20260531_1810/figures/P11d_betas_tvp_vs_ridge_h01.pdf 
  [fig] 40_results/run_final_20260531_1810/figures/P11d_betas_tvp_vs_ridge_h03.pdf 
  [fig] 40_results/run_final_20260531_1810/figures/P11d_betas_tvp_vs_ridge_h06.pdf 
  [fig] 40_results/run_final_20260531_1810/figures/P11d_betas_tvp_vs_ridge_h12.pdf 
  [fig 4h] 40_results/run_final_20260531_1810/figures/P11d_betas_tvp_vs_ridge_4h.pdf 

==============================================================================
PART 11e: Evolution of TVP betas (3 cases, 4 horizons)
==============================================================================
  [fig 4h] 40_results/run_final_20260531_1810/figures/P11e_betas_evolution_AR_4h.pdf 
  [fig 4h] 40_results/run_final_20260531_1810/figures/P11e_betas_evolution_Factor_4h.pdf 
  [fig 4h] 40_results/run_final_20260531_1810/figures/P11e_betas_evolution_FAVAR_4h.pdf 

==============================================================================
PART 11f: Combined 4h panels (CSSED, Rolling RMSE, Lambdas)
==============================================================================
  [fig 4h] 40_results/run_final_20260531_1810/figures/P6_cssed_AR_4h.pdf 
  [fig 4h] 40_results/run_final_20260531_1810/figures/P6_cssed_Factor_4h.pdf 
  [fig 4h] 40_results/run_final_20260531_1810/figures/P6_cssed_FAVAR_4h.pdf 
  [fig 4h] 40_results/run_final_20260531_1810/figures/P6_rolling_rmse_AR_4h.pdf 
  [fig 4h] 40_results/run_final_20260531_1810/figures/P6_rolling_rmse_Factor_4h.pdf 
  [fig 4h] 40_results/run_final_20260531_1810/figures/P6_rolling_rmse_FAVAR_4h.pdf 
There were 12 warnings (use warnings() to see them)
  [fig 4h] 40_results/run_final_20260531_1810/figures/P5_lambdas_AR_4h.pdf 
  [fig 4h] 40_results/run_final_20260531_1810/figures/P5_lambdas_Factor_4h.pdf 
  [fig 4h] 40_results/run_final_20260531_1810/figures/P5_lambdas_FAVAR_4h.pdf 

==============================================================================
PART 12: Model Confidence Set (MCS, Hansen-Lunde-Nason 2011)
==============================================================================
  h= 1 | T=180 | 18 models: running MCSprocedure (B=1000) ...
    90% MCS (18): Ridge, Factor, T.Factor, 2SRR_Factor, RidgeStep1_AR, RidgeStep1_FAVAR, AdaLASSO, AdaElNET, AR, AR_BIC, 2SRR_AR, 2SRR_FAVAR, RidgeStep1_Factor, CSR, LASSO, ElNET, Bagging, RF
    75% MCS (18): Ridge, Factor, T.Factor, 2SRR_Factor, RidgeStep1_AR, RidgeStep1_FAVAR, AdaLASSO, AdaElNET, AR, AR_BIC, 2SRR_AR, 2SRR_FAVAR, RidgeStep1_Factor, CSR, LASSO, ElNET, Bagging, RF
  h= 3 | T=178 | 18 models: running MCSprocedure (B=1000) ...
    90% MCS (18): Ridge, RidgeStep1_Factor, 2SRR_Factor, Bagging, 2SRR_FAVAR, RidgeStep1_FAVAR, Factor, RidgeStep1_AR, T.Factor, LASSO, ElNET, AdaElNET, RF, CSR, AR, AR_BIC, 2SRR_AR, AdaLASSO
    75% MCS (18): Ridge, RidgeStep1_Factor, Bagging, Factor, 2SRR_Factor, 2SRR_FAVAR, RidgeStep1_FAVAR, RidgeStep1_AR, T.Factor, LASSO, ElNET, AdaElNET, RF, CSR, AR, AR_BIC, 2SRR_AR, AdaLASSO
  h= 6 | T=175 | 18 models: running MCSprocedure (B=1000) ...
    90% MCS (18): Bagging, Ridge, T.Factor, RidgeStep1_Factor, Factor, AR, AR_BIC, RidgeStep1_AR, RidgeStep1_FAVAR, LASSO, AdaLASSO, AdaElNET, RF, CSR, 2SRR_AR, 2SRR_Factor, 2SRR_FAVAR, ElNET
    75% MCS (18): Bagging, Ridge, T.Factor, Factor, AR, AR_BIC, RidgeStep1_AR, RidgeStep1_Factor, RidgeStep1_FAVAR, LASSO, AdaLASSO, AdaElNET, RF, CSR, 2SRR_AR, 2SRR_Factor, 2SRR_FAVAR, ElNET
  h=12 | T=169 | 18 models: running MCSprocedure (B=1000) ...
    90% MCS (18): Ridge, Bagging, T.Factor, AdaLASSO, 2SRR_FAVAR, RidgeStep1_Factor, RidgeStep1_FAVAR, AdaElNET, 2SRR_AR, 2SRR_Factor, LASSO, RF, Factor, CSR, AR, AR_BIC, RidgeStep1_AR, ElNET
    75% MCS (18): Ridge, Bagging, T.Factor, AdaLASSO, RidgeStep1_Factor, RidgeStep1_FAVAR, 2SRR_FAVAR, AdaElNET, 2SRR_AR, 2SRR_Factor, Factor, AR, AR_BIC, RidgeStep1_AR, LASSO, RF, CSR, ElNET
  [tbl] 40_results/run_final_20260531_1810/tables/P12_MCS_long_table.csv 
             model  h in_MCS_90 in_MCS_75
             Ridge  1      TRUE      TRUE
             LASSO  1      TRUE      TRUE
             ElNET  1      TRUE      TRUE
          AdaLASSO  1      TRUE      TRUE
          AdaElNET  1      TRUE      TRUE
                RF  1      TRUE      TRUE
           Bagging  1      TRUE      TRUE
            Factor  1      TRUE      TRUE
          T.Factor  1      TRUE      TRUE
               CSR  1      TRUE      TRUE
                AR  1      TRUE      TRUE
            AR_BIC  1      TRUE      TRUE
           2SRR_AR  1      TRUE      TRUE
       2SRR_Factor  1      TRUE      TRUE
        2SRR_FAVAR  1      TRUE      TRUE
     RidgeStep1_AR  1      TRUE      TRUE
 RidgeStep1_Factor  1      TRUE      TRUE
  RidgeStep1_FAVAR  1      TRUE      TRUE
             Ridge  3      TRUE      TRUE
             LASSO  3      TRUE      TRUE
             ElNET  3      TRUE      TRUE
          AdaLASSO  3      TRUE      TRUE
          AdaElNET  3      TRUE      TRUE
                RF  3      TRUE      TRUE
           Bagging  3      TRUE      TRUE
            Factor  3      TRUE      TRUE
          T.Factor  3      TRUE      TRUE
               CSR  3      TRUE      TRUE
                AR  3      TRUE      TRUE
            AR_BIC  3      TRUE      TRUE
           2SRR_AR  3      TRUE      TRUE
       2SRR_Factor  3      TRUE      TRUE
        2SRR_FAVAR  3      TRUE      TRUE
     RidgeStep1_AR  3      TRUE      TRUE
 RidgeStep1_Factor  3      TRUE      TRUE
  RidgeStep1_FAVAR  3      TRUE      TRUE
             Ridge  6      TRUE      TRUE
             LASSO  6      TRUE      TRUE
             ElNET  6      TRUE      TRUE
          AdaLASSO  6      TRUE      TRUE
          AdaElNET  6      TRUE      TRUE
                RF  6      TRUE      TRUE
           Bagging  6      TRUE      TRUE
            Factor  6      TRUE      TRUE
          T.Factor  6      TRUE      TRUE
               CSR  6      TRUE      TRUE
                AR  6      TRUE      TRUE
            AR_BIC  6      TRUE      TRUE
           2SRR_AR  6      TRUE      TRUE
       2SRR_Factor  6      TRUE      TRUE
        2SRR_FAVAR  6      TRUE      TRUE
     RidgeStep1_AR  6      TRUE      TRUE
 RidgeStep1_Factor  6      TRUE      TRUE
  RidgeStep1_FAVAR  6      TRUE      TRUE
             Ridge 12      TRUE      TRUE
             LASSO 12      TRUE      TRUE
             ElNET 12      TRUE      TRUE
          AdaLASSO 12      TRUE      TRUE
          AdaElNET 12      TRUE      TRUE
                RF 12      TRUE      TRUE
           Bagging 12      TRUE      TRUE
            Factor 12      TRUE      TRUE
          T.Factor 12      TRUE      TRUE
               CSR 12      TRUE      TRUE
                AR 12      TRUE      TRUE
            AR_BIC 12      TRUE      TRUE
           2SRR_AR 12      TRUE      TRUE
       2SRR_Factor 12      TRUE      TRUE
        2SRR_FAVAR 12      TRUE      TRUE
     RidgeStep1_AR 12      TRUE      TRUE
 RidgeStep1_Factor 12      TRUE      TRUE
  RidgeStep1_FAVAR 12      TRUE      TRUE
  [fig] 40_results/run_final_20260531_1810/figures/P12_MCS_heatmap.pdf 

==============================================================================
PART 13: Giacomini-White (2006) test
==============================================================================
  [tbl] 40_results/run_final_20260531_1810/tables/P13_GW_test.csv 
  h        ref         benchmark   n GW_stat   GW_p sign_2srr_better
  1 2SRR_FAVAR             Ridge 179   3.783 0.1508             TRUE
  1 2SRR_FAVAR             LASSO 179   2.240 0.3263            FALSE
  1 2SRR_FAVAR          AdaLASSO 179   0.596 0.7422             TRUE
  1 2SRR_FAVAR                RF 179   3.143 0.2078            FALSE
  1 2SRR_FAVAR           Bagging 179   1.143 0.5648            FALSE
  1 2SRR_FAVAR            Factor 179   1.742 0.4186             TRUE
  1 2SRR_FAVAR               CSR 179   1.625 0.4438            FALSE
  1 2SRR_FAVAR                AR 179   4.856 0.0882             TRUE
  1 2SRR_FAVAR     RidgeStep1_AR 179   5.969 0.0506             TRUE
  1 2SRR_FAVAR RidgeStep1_Factor 179   0.079 0.9615             TRUE
  1 2SRR_FAVAR  RidgeStep1_FAVAR 179   0.853 0.6528             TRUE
  3 2SRR_FAVAR             Ridge 177   1.680 0.4317             TRUE
  3 2SRR_FAVAR             LASSO 177   1.554 0.4599            FALSE
  3 2SRR_FAVAR          AdaLASSO 177   2.710 0.2580            FALSE
  3 2SRR_FAVAR                RF 177   2.033 0.3619            FALSE
  3 2SRR_FAVAR           Bagging 177   2.438 0.2955             TRUE
  3 2SRR_FAVAR            Factor 177   1.214 0.5451             TRUE
  3 2SRR_FAVAR               CSR 177   2.774 0.2498            FALSE
  3 2SRR_FAVAR                AR 177   1.250 0.5352            FALSE
  3 2SRR_FAVAR     RidgeStep1_AR 177   0.590 0.7447            FALSE
  3 2SRR_FAVAR RidgeStep1_Factor 177   4.917 0.0856             TRUE
  3 2SRR_FAVAR  RidgeStep1_FAVAR 177   2.045 0.3597             TRUE
  6 2SRR_FAVAR             Ridge 174   5.468 0.0650             TRUE
  6 2SRR_FAVAR             LASSO 174   8.352 0.0154            FALSE
  6 2SRR_FAVAR          AdaLASSO 174   8.162 0.0169            FALSE
  6 2SRR_FAVAR                RF 174   1.383 0.5008            FALSE
  6 2SRR_FAVAR           Bagging 174   2.768 0.2505             TRUE
  6 2SRR_FAVAR            Factor 174   4.707 0.0950             TRUE
  6 2SRR_FAVAR               CSR 174   3.786 0.1506             TRUE
  6 2SRR_FAVAR                AR 174   7.553 0.0229             TRUE
  6 2SRR_FAVAR     RidgeStep1_AR 174   5.872 0.0531             TRUE
  6 2SRR_FAVAR RidgeStep1_Factor 174  12.184 0.0023             TRUE
  6 2SRR_FAVAR  RidgeStep1_FAVAR 174   6.018 0.0493             TRUE
 12 2SRR_FAVAR             Ridge 168   2.863 0.2389             TRUE
 12 2SRR_FAVAR             LASSO 168   2.923 0.2319            FALSE
 12 2SRR_FAVAR          AdaLASSO 168   1.642 0.4399             TRUE
 12 2SRR_FAVAR                RF 168   0.968 0.6162            FALSE
 12 2SRR_FAVAR           Bagging 168   1.709 0.4255             TRUE
 12 2SRR_FAVAR            Factor 168   0.192 0.9083             TRUE
 12 2SRR_FAVAR               CSR 168   2.640 0.2672            FALSE
 12 2SRR_FAVAR                AR 168   1.270 0.5299            FALSE
 12 2SRR_FAVAR     RidgeStep1_AR 168   0.131 0.9366            FALSE
 12 2SRR_FAVAR RidgeStep1_Factor 168   2.003 0.3672             TRUE
 12 2SRR_FAVAR  RidgeStep1_FAVAR 168   2.025 0.3633             TRUE
  [fig] 40_results/run_final_20260531_1810/figures/P13_GW_heatmap.pdf 

==============================================================================
PART 13b: ECONOMETRIC AND PAPER VALIDATION (audit)
==============================================================================
  [FAIL] V1 — yout = cumsum(y) per h | max diff across 4 h: 8.14e+00
  [OK  ] V2 — Standalone reproduces Eq. 5 of the paper (dual = primal) | validated in 03 (diff < 1e-6)
  [OK  ] V3 — coulombe_fast bit-exact to original dualGRR | validated in 03 (diff < 1e-9)
  [OK  ] V4 — Coulombe (2025): TVP > Ridge more at long h than short h | ratio h=1: 0.986 vs h=12: 0.944
  [OK  ] V5 — sigma^2_u,k heterogeneous across variables | max/min ratio (FAVAR): 6.75, 3.47, 4.44, 2.54
  [OK  ] V6 — Step 4 recalibrates Step 1 (cor < 0.7 in some h) | cor per h: 0.66, 0.75, 0.96, 0.78
  [INFO] V7 — CV lambda at upper grid edge (implicit-regularization signal) | max % windows at top: 67.2% (expected; original Coulombe grid)
  [OK  ] V8 — Non-trivial TVP betas (sd>0 in >30% of coefs) | active/total per h: 5/5, 5/5, 5/5, 5/5
  [OK  ] V9 — DM produced for most comparisons | 100% of pairs with DM defined
  [OK  ] V10 — GW: sufficient n for asymptotic chi^2 | min n: 168
  [OK  ] V11 — 90% MCS: at least 1 survivor per h | models per h: 18, 18, 18, 18
  [OK  ] V12 — Forecasts don't explode (|f| < 10x|y|) | 0 outliers in 2160 (0.00%)
  [tbl] 40_results/run_final_20260531_1810/tables/P13b_econometric_validation.csv 
  id                                                   description status
  V1                                        yout = cumsum(y) per h   FAIL
  V2      Standalone reproduces Eq. 5 of the paper (dual = primal)     OK
  V3                   coulombe_fast bit-exact to original dualGRR     OK
  V4      Coulombe (2025): TVP > Ridge more at long h than short h     OK
  V5                    sigma^2_u,k heterogeneous across variables     OK
  V6              Step 4 recalibrates Step 1 (cor < 0.7 in some h)     OK
  V7 CV lambda at upper grid edge (implicit-regularization signal)   INFO
  V8                 Non-trivial TVP betas (sd>0 in >30% of coefs)     OK
  V9                              DM produced for most comparisons     OK
 V10                         GW: sufficient n for asymptotic chi^2     OK
 V11                            90% MCS: at least 1 survivor per h     OK
 V12                        Forecasts don't explode (|f| < 10x|y|)     OK
                                                       evidence
                                  max diff across 4 h: 8.14e+00
                                  validated in 03 (diff < 1e-6)
                                  validated in 03 (diff < 1e-9)
                                ratio h=1: 0.986 vs h=12: 0.944
                  max/min ratio (FAVAR): 6.75, 3.47, 4.44, 2.54
                              cor per h: 0.66, 0.75, 0.96, 0.78
 max % windows at top: 67.2% (expected; original Coulombe grid)
                         active/total per h: 5/5, 5/5, 5/5, 5/5
                                  100% of pairs with DM defined
                                                     min n: 168
                                   models per h: 18, 18, 18, 18
                                     0 outliers in 2160 (0.00%)

  Overall status: 10 OK, 1 INFO, 0 WARN, 1 FAIL

==============================================================================
PART 14: Final narrative
==============================================================================


============================================================================== 
  FINAL NARRATIVE — 2SRR (Coulombe IJF 2025) on FRED-MD
  Generated: 2026-05-31 18:15:16.019476 | OOS: 2010-07 to 2025-06 | 180 windows
============================================================================== 

1. PERFORMANCE RELATIVE TO RANDOM WALK
   Table in P1_rmsfe_relative_rw.csv.
   2SRR_AR: h1=0.8827 | h3=0.7747 | h6=0.7781 | h12=0.8155
   2SRR_Factor: h1=0.8979 | h3=0.8495 | h6=0.7869 | h12=0.8142
   2SRR_FAVAR: h1=0.8727 | h3=0.8361 | h6=0.7907 | h12=0.8147

2. COMPARISON OF THE 3 TVP CASES
   Detail in P2_tvp_3cases_rmse.csv.
   h= 1 best case: TVP-FAVAR (ratio=0.873)
   h= 3 best case: TVP-AR (ratio=0.775)
   h= 6 best case: TVP-AR (ratio=0.778)
   h=12 best case: TVP-Factor (ratio=0.814)

3. STABILITY / VARIATION OF BETAS PER HORIZON
   Trajectories in P3_betas_trajectory_<case>_h<H>.pdf.
   Statistics in P3_betas_stats_<case>_h<H>.csv.
   Key question: do betas vary enough to justify TVP?
   Typical observation: at h=1 betas are stable (Ridge suffices), at
   h=12 the intercept and factors vary substantially, justifying TVP
   in long horizons.

4. STEP 1 vs STEP 4 LAMBDAS (Algorithm 1 recalibration)
   AR: h1 cor=0.839 ratio=139.892 | h3 cor=0.869 ratio=130.882 | h6 cor=0.944 ratio=13863.282 | h12 cor=0.853 ratio=7733.325 | 
   Factor: h1 cor=0.730 ratio=1.382 | h3 cor=0.911 ratio=0.858 | h6 cor=0.689 ratio=1037.447 | h12 cor=0.572 ratio=44.440 | 
   FAVAR: h1 cor=0.664 ratio=2.640 | h3 cor=0.751 ratio=223.081 | h6 cor=0.961 ratio=45.969 | h12 cor=0.778 ratio=155.083 | 
   Low correlation (<0.5) or anti-correlation indicates that Step 4
   is not a mere rescaling of Ridge — it recalibrates genuinely.

5. 2SRR vs RIDGE
   P6_2srr_vs_ridge.csv | CSSED and rolling in P6_*.pdf.
   2SRR beats Ridge Step1 in 10 of 12 (case,h) combinations.
   Diebold-Mariano significant (p<0.10) in 1 of 12.

6. 2SRR vs MEDEIROS
   P7_*.csv and P7_*.pdf.

7. PARSIMONY
   P8_parsimony.csv: mean HHI, near-zero, sigma^2_u.
   AR: h1 HHI=0.894 nz=0.06 | h3 HHI=0.406 nz=0.00 | h6 HHI=0.408 nz=0.00 | h12 HHI=0.822 nz=0.10 | 
   Factor: h1 HHI=0.944 nz=0.27 | h3 HHI=0.976 nz=0.24 | h6 HHI=0.976 nz=0.35 | h12 HHI=0.985 nz=0.30 | 
   FAVAR: h1 HHI=0.794 nz=0.24 | h3 HHI=0.457 nz=0.15 | h6 HHI=0.603 nz=0.23 | h12 HHI=0.532 nz=0.23 | 

8. SUB-PERIODS
   P9_heatmap_subperiods_FAVAR.pdf.
   2SRR-FAVAR beats RW in 7 of 8 crisis combinations.

9. COULOMBE SANITY CHECK
   Mean relative divergence coulombe_fast vs original: 13.19%
   Detail in P11_sanity_coulombe.csv.
   ARGUMENT: empirical validation that the fast engine reproduces
   numerically the original TVPRR_cosso from Coulombe's repo.

10. MODEL CONFIDENCE SET (Hansen-Lunde-Nason 2011)
   P12_MCS_long_table.csv | heatmap P12_MCS_heatmap.pdf
   h= 1 90% MCS (18 models): Ridge, LASSO, ElNET, AdaLASSO, AdaElNET, RF, Bagging, Factor, T.Factor, CSR, AR, AR_BIC, 2SRR_AR, 2SRR_Factor, 2SRR_FAVAR, RidgeStep1_AR, RidgeStep1_Factor, RidgeStep1_FAVAR
   h= 3 90% MCS (18 models): Ridge, LASSO, ElNET, AdaLASSO, AdaElNET, RF, Bagging, Factor, T.Factor, CSR, AR, AR_BIC, 2SRR_AR, 2SRR_Factor, 2SRR_FAVAR, RidgeStep1_AR, RidgeStep1_Factor, RidgeStep1_FAVAR
   h= 6 90% MCS (18 models): Ridge, LASSO, ElNET, AdaLASSO, AdaElNET, RF, Bagging, Factor, T.Factor, CSR, AR, AR_BIC, 2SRR_AR, 2SRR_Factor, 2SRR_FAVAR, RidgeStep1_AR, RidgeStep1_Factor, RidgeStep1_FAVAR
   h=12 90% MCS (18 models): Ridge, LASSO, ElNET, AdaLASSO, AdaElNET, RF, Bagging, Factor, T.Factor, CSR, AR, AR_BIC, 2SRR_AR, 2SRR_Factor, 2SRR_FAVAR, RidgeStep1_AR, RidgeStep1_Factor, RidgeStep1_FAVAR
   ARGUMENT: models inside the MCS are indistinguishable from the best.
   If 2SRR-FAVAR stays inside the MCS at multiple h, it is
   statistically validated as competitive. If it is the UNIQUE survivor
   for some h, it is the best single model at that horizon.

0b. AUDIT OF THE REALIZED SERIES
   [FAIL] yout has inconsistencies. Inspect 01_data_prep.R.
   Detail in P0b_yout_audit.csv and P0b_yout_4h_combined.pdf.

12. ECONOMETRIC VALIDATION (audit)
   10 OK | 0 WARN | 1 FAIL (total 12 items)
   Detail in P13b_econometric_validation.csv.
   Items to investigate:
     V1 [FAIL]: yout = cumsum(y) per h -- max diff across 4 h: 8.14e+00
   Informational signals (by-design, no action required):
     V7 [INFO]: CV lambda at upper grid edge (implicit-regularization signal) -- max % windows at top: 67.2% (expected; original Coulombe grid)

11. GIACOMINI-WHITE (2006) — CONDITIONAL predictive ability
   P13_GW_test.csv | heatmap P13_GW_heatmap.pdf
   2SRR-FAVAR rejects H0 (p<0.10) in its favor in 9 of 44 tests.
   h= 1: lowest p-value against 'RidgeStep1_AR' (p=0.0506)
   h= 3: lowest p-value against 'RidgeStep1_Factor' (p=0.0856)
   h= 6: lowest p-value against 'RidgeStep1_Factor' (p=0.0023)
   h=12: lowest p-value against 'LASSO' (p=0.2319)
   Note: GW is the CORRECT test for NON-nested
   models (our case: 2SRR vs LASSO/RF/Bagging/etc.) and when parameters
   are re-estimated in rolling fashion. Unlike DM, GW conditions on
   past information, being more robust.

==============================================================================

==============================================================================
PART 14b: Mincer-Zarnowitz + Pesaran-Timmermann tests
==============================================================================
  [tbl] 40_results/run_final_20260531_1810/tables/P14b_MZ_PT_tests.csv 
             model  h   n MZ_alpha MZ_beta  MZ_R2 MZ_p_joint PT_hit_rate
             Ridge  1 180   0.1421  0.3571 0.2217     0.0000      0.6648
             Ridge  3 178   0.1930  0.1419 0.0669     0.0000      0.7657
             Ridge  6 175   0.2041  0.0868 0.0296     0.0000      0.6391
             Ridge 12 169   0.2042  0.0700 0.0174     0.0000      0.6752
             LASSO  1 180  -0.0303  1.0227 0.3793     0.2642      0.6648
             LASSO  3 178  -0.0469  1.0456 0.1306     0.2917      0.6914
             LASSO  6 175  -0.0213  0.9562 0.1262     0.4674      0.7396
             LASSO 12 169   0.1064  0.4881 0.0365     0.3646      0.6943
             ElNET  1 180  -0.0336  1.0300 0.3674     0.2291      0.6704
             ElNET  3 178  -0.0058  0.8865 0.1083     0.3344      0.6971
             ElNET  6 175  -0.0216  0.9640 0.1263     0.5017      0.7515
             ElNET 12 169   0.0900  0.5494 0.0421     0.4675      0.6943
          AdaLASSO  1 180   0.0671  0.7005 0.2974     0.2431      0.6480
          AdaLASSO  3 178   0.0320  0.8153 0.1428     0.6524      0.7314
          AdaLASSO  6 175   0.0590  0.6715 0.0955     0.4485      0.7219
          AdaLASSO 12 169   0.1818  0.1794 0.0122     0.0028      0.6879
          AdaElNET  1 180   0.0775  0.6542 0.2742     0.1746      0.6592
          AdaElNET  3 178   0.1019  0.5164 0.0765     0.2915      0.7086
          AdaElNET  6 175   0.0799  0.5958 0.0821     0.4087      0.7160
          AdaElNET 12 169   0.1775  0.1883 0.0119     0.0222      0.6879
                RF  1 180  -0.0125  1.0632 0.3871     0.9357      0.6760
                RF  3 178   0.0747  0.7114 0.0960     0.4785      0.7543
                RF  6 175   0.0781  0.6256 0.1077     0.3204      0.7396
                RF 12 169   0.1475  0.3082 0.0104     0.0010      0.7006
           Bagging  1 180   0.0708  0.7940 0.3899     0.0034      0.6760
           Bagging  3 178   0.1734  0.2610 0.0571     0.0000      0.7600
           Bagging  6 175   0.1766  0.2273 0.0551     0.0000      0.7160
           Bagging 12 169   0.1945  0.1897 0.0173     0.0000      0.6879
            Factor  1 180   0.1129  0.5020 0.2443     0.0373      0.6425
            Factor  3 178   0.1991  0.0818 0.0049     0.0000      0.6857
            Factor  6 175   0.1307  0.3807 0.0522     0.0165      0.6864
            Factor 12 169   0.1577  0.2267 0.0217     0.0091      0.7325
          T.Factor  1 180   0.0609  0.7046 0.2941     0.2202      0.6313
          T.Factor  3 178   0.1608  0.2405 0.0171     0.0488      0.7029
          T.Factor  6 175   0.1150  0.4232 0.0347     0.1186      0.7101
          T.Factor 12 169   0.2095  0.0082 0.0000     0.0000      0.7006
               CSR  1 180  -0.0096  0.9852 0.3470     0.7104      0.6480
               CSR  3 178   0.0032  0.9330 0.1334     0.8527      0.7371
               CSR  6 175   0.1019  0.5730 0.0777     0.1539      0.7219
               CSR 12 169   0.1230  0.4417 0.0430     0.0254      0.7070
                AR  1 180   0.0055  0.8758 0.3003     0.3062      0.6145
                AR  3 178   0.0381  0.7020 0.1028     0.1945      0.6914
                AR  6 175   0.0706  0.5766 0.0725     0.2417      0.6864
                AR 12 169   0.1107  0.3759 0.0228     0.0295      0.7134
            AR_BIC  1 180   0.0055  0.8758 0.3003     0.3062      0.6145
            AR_BIC  3 178   0.0381  0.7020 0.1028     0.1945      0.6914
            AR_BIC  6 175   0.0706  0.5766 0.0725     0.2417      0.6864
            AR_BIC 12 169   0.1107  0.3759 0.0228     0.0295      0.7134
           2SRR_AR  1 180   0.0146  0.8760 0.2870     0.6115      0.6480
           2SRR_AR  3 178   0.0455  0.7045 0.0846     0.3753      0.6629
           2SRR_AR  6 175   0.0453  0.7084 0.0958     0.5081      0.7337
           2SRR_AR 12 169   0.2675 -0.2331 0.0060     0.0000      0.6879
       2SRR_Factor  1 180   0.0574  0.7488 0.2856     0.3811      0.6480
       2SRR_Factor  3 178   0.1554  0.2725 0.0210     0.0450      0.7143
       2SRR_Factor  6 175   0.0714  0.6357 0.0762     0.4360      0.7396
       2SRR_Factor 12 169   0.1802  0.1311 0.0037     0.0102      0.6943
        2SRR_FAVAR  1 180   0.0451  0.8063 0.3128     0.5104      0.6425
        2SRR_FAVAR  3 178   0.1420  0.3477 0.0380     0.0576      0.7429
        2SRR_FAVAR  6 175   0.0799  0.6158 0.0659     0.3694      0.7515
        2SRR_FAVAR 12 169   0.2042  0.0341 0.0002     0.0000      0.7006
     RidgeStep1_AR  1 180   0.0066  0.8462 0.2573     0.1494      0.6034
     RidgeStep1_AR  3 178   0.0559  0.6120 0.0678     0.1045      0.6571
     RidgeStep1_AR  6 175   0.0457  0.6430 0.0732     0.1992      0.6805
     RidgeStep1_AR 12 169   0.1502  0.2194 0.0048     0.0632      0.7070
 RidgeStep1_Factor  1 180   0.0429  0.8059 0.3063     0.5114      0.6425
 RidgeStep1_Factor  3 178   0.1528  0.2760 0.0249     0.0292      0.6971
 RidgeStep1_Factor  6 175   0.0876  0.5295 0.0624     0.1848      0.7160
 RidgeStep1_Factor 12 169   0.1766  0.1417 0.0079     0.0025      0.7134
  RidgeStep1_FAVAR  1 180   0.0466  0.7799 0.2975     0.4148      0.6480
  RidgeStep1_FAVAR  3 178   0.1440  0.3186 0.0338     0.0619      0.7200
  RidgeStep1_FAVAR  6 175   0.0785  0.5627 0.0749     0.2177      0.6923
  RidgeStep1_FAVAR 12 169   0.1787  0.1335 0.0072     0.0021      0.7134
 PT_stat   PT_p
   4.456 0.0000
   7.022 0.0000
   3.562 0.0002
   4.635 0.0000
   4.548 0.0000
   5.388 0.0000
   6.571 0.0000
   4.834 0.0000
   4.743 0.0000
   5.520 0.0000
   6.831 0.0000
   4.825 0.0000
   3.973 0.0000
   6.247 0.0000
   5.978 0.0000
   4.710 0.0000
   4.273 0.0000
   5.637 0.0000
   5.844 0.0000
   4.693 0.0000
   4.722 0.0000
   6.711 0.0000
   6.311 0.0000
   5.051 0.0000
   4.758 0.0000
   6.884 0.0000
   5.611 0.0000
   5.115 0.0000
   3.842 0.0001
   5.305 0.0000
   5.042 0.0000
   5.822 0.0000
   3.590 0.0002
   5.570 0.0000
   5.666 0.0000
   5.014 0.0000
   3.981 0.0000
   6.331 0.0000
   5.721 0.0000
   5.168 0.0000
   3.195 0.0007
   5.489 0.0000
   5.352 0.0000
   5.332 0.0000
   3.195 0.0007
   5.489 0.0000
   5.352 0.0000
   5.332 0.0000
   4.009 0.0000
   4.632 0.0000
   6.247 0.0000
   4.667 0.0000
   3.981 0.0000
   5.917 0.0000
   6.571 0.0000
   4.839 0.0000
   3.835 0.0001
   6.472 0.0000
   6.655 0.0000
   5.001 0.0000
   3.006 0.0013
   4.768 0.0000
   5.516 0.0000
   5.352 0.0000
   3.852 0.0001
   5.567 0.0000
   6.119 0.0000
   5.396 0.0000
   4.022 0.0000
   6.093 0.0000
   5.480 0.0000
   5.370 0.0000


==============================================================================
OUTPUTS SUMMARY
==============================================================================
  Folder: 40_results/run_final_20260531_1810
  PDFs : 90
  CSVs : 30
  HTML : 4

== 04_analysis.R DONE ==
